\o Program:		@(#)$CDS: libManager version 6.1.5 - CAT32 05/06/2013 23:35 (cat91amd) $
\o Sub version:		sub-version  s014 
\o Arguments:		-unmapped -mpssession virtuoso9570 -mpshost localhost.localdomain 
\o Working Directory:	localhost.localdomain:/home/zhang/PDK/tsmc018
\o 64-bit offsets
\o Qt version: 		4.5.3
\o changeWorkingDir("/home/zhang/PDK/tsmc018") unnecessary.
\o ddSetForcedLib("") unnecessary.
\o Log file is "/home/zhang/PDK/tsmc018/libManager.log".
\o Opening libManager window.
\a nrSetWindowVisibility(cdsLibManager "show")
\o MPS service: map window
\a nrSetCurrentWindow(cdsLibManager)
\o Library Manager customization server connected.
\w Warning: The directory: '/home/zhang/PDK/tsmc018/$CDSHOME/tools/dfII/etc/cdslib/artist/analogLib' does not exist
\w 	but was defined in libFile '/home/zhang/PDK/tsmc018/cds.lib' for Lib 'analogLib'.
\w Warning: The directory: '/home/zhang/PDK/tsmc018/$CDSHOME/tools/dfII/etc/cdslib/basic' does not exist
\w 	but was defined in libFile '/home/zhang/PDK/tsmc018/cds.lib' for Lib 'basic'.
\a nrResizeWindow(cdsLibManager list(0 84 1916 794))
\a nrSetCurrentWindow(cdsLibManager)
\a cdsLibManager->libListBox->value = "tsmc18"
\a cdsLibManager->libLineEdit->value = "tsmc18"
\a cdsLibManager->cellListBox->value = "M1_DIFF"
\a cdsLibManager->viewListBox->value = "symbolic"
\a cdsLibManager->viewLineEdit->value = "symbolic"
\a nrResizeWindow(cdsLibManager list(935 319 1916 794))
\a nrResizeWindow(cdsLibManager list(220 74 1916 794))
\a cdsLibManager->cellListBox->value = "M1_PACTIVE"
\a cdsLibManager->viewLineEdit->value = ""
\a cdsLibManager->viewListBox->value = nil
\a cdsLibManager->viewListBox->value = "symbolic"
\a cdsLibManager->viewLineEdit->value = "symbolic"
\a cdsLibManager->cellLineEdit->value = "M1_PACTIVE"
\a cdsLibManager->libListBox->value = "cdsDefTechLib"
\a cdsLibManager->cellListBox->value = nil
\a cdsLibManager->viewLineEdit->value = ""
\a cdsLibManager->viewListBox->value = nil
\a cdsLibManager->cellLineEdit->value = ""
\a cdsLibManager->libListBox->value = "tsmc18"
\a cdsLibManager->libLineEdit->value = "tsmc18"
\a cdsLibManager->FileNewLibButton->value = t
\a NewLibShell->QLineEdit2->value = ""
\a nrSetWindowVisibility(NewLibShell->subDialog "show")
\a nrSetWindowVisibility(NewLibShell "show")
\a NewLibShell->QLineEdit2->value = "/home/zhang/PDK/tsmc018/"
\a nrSetCurrentWindow(NewLibShell)
\a nrSetCurrentWindow(NewLibShell->subDialog)
\a nrResizeWindow(NewLibShell->subDialog list(0 0 414 260))
\a nrResizeWindow(NewLibShell list(947 207 462 512))
\a NewLibShell->newLibNameText->value = "fdsfd"
\a NewLibShell->subDialog->value = '("/home/zhang/PDK/tsmc018" "/home/zhang/PDK/tsmc018/")
\a NewLibShell->newLibOKButton->value = t
\a nrSetWindowVisibility(workingDialogForm "show")
\a nrSetCurrentWindow(workingDialogForm)
\o Created new library "fdsfd" at /home/zhang/PDK/tsmc018/fdsfd.
\a nrSetCurrentWindow(cdsLibManager)
\a cdsLibManager->libListBox->value = nil
\w Warning: The directory: '/home/zhang/PDK/tsmc018/$CDSHOME/tools/dfII/etc/cdslib/artist/analogLib' does not exist
\w 	but was defined in libFile '/home/zhang/PDK/tsmc018/cds.lib' for Lib 'analogLib'.
\w Warning: The directory: '/home/zhang/PDK/tsmc018/$CDSHOME/tools/dfII/etc/cdslib/basic' does not exist
\w 	but was defined in libFile '/home/zhang/PDK/tsmc018/cds.lib' for Lib 'basic'.
\a cdsLibManager->libListBox->value = "tsmc18"
\a nrResizeWindow(workingDialogForm list(2 26 285 131))
\a cdsLibManager->libListBox->value = nil
\w Warning: The directory: '/home/zhang/PDK/tsmc018/$CDSHOME/tools/dfII/etc/cdslib/artist/analogLib' does not exist
\w 	but was defined in libFile '/home/zhang/PDK/tsmc018/cds.lib' for Lib 'analogLib'.
\w Warning: The directory: '/home/zhang/PDK/tsmc018/$CDSHOME/tools/dfII/etc/cdslib/basic' does not exist
\w 	but was defined in libFile '/home/zhang/PDK/tsmc018/cds.lib' for Lib 'basic'.
\a cdsLibManager->libListBox->value = "tsmc18"
\a nrResizeWindow(cdsLibManager list(907 79 1916 794))
\a cdsLibManager->libLineEdit->value = "tsmc18"
\a nrSetCurrentWindow(cdsLibManager)
\a nrSetCurrentWindow(cdsLibManager)
\a nrResizeWindow(cdsLibManager list(221 25 1916 794))
\a cdsLibManager->libListBox->value = "fdsfd"
\a cdsLibManager->libLineEdit->value = "fdsfd"
\a cdsLibManager->FileNewCVButton->value = t
\a nrResizeWindow(cdsLibManager list(883 87 1916 794))
\a cdsLibManager->libListBox->value = nil
\a cdsLibManager->libLineEdit->value = "fdsfdfdsf"
\a nrSetCurrentWindow(cdsLibManager)
\a cdsLibManager->libListBox->value = "fdsfd"
\a cdsLibManager->cellListBox->value = "fdsf"
\a cdsLibManager->cellLineEdit->value = "fdsf"
\a cdsLibManager->viewListBox->value = "schematic"
\a cdsLibManager->viewLineEdit->value = "schematic"
\a cdsLibManager->libLineEdit->value = "fdsfd"
\a nrSetCurrentWindow(cdsLibManager)
\a cdsLibManager->viewLineEdit->value = ""
\a nrSetCurrentWindow(cdsLibManager)
\a nrResizeWindow(cdsLibManager list(412 25 1916 794))
\a nrResizeWindow(cdsLibManager list(883 25 1916 794))
\a nrResizeWindow(cdsLibManager list(78 25 1916 794))
\a nrResizeWindow(cdsLibManager list(-206 25 1916 794))
\a nrSetWindowVisibility(cdsLibManager "hide")
\o libManager is exiting.
\a exit(0)
